# JRE version: OpenJDK Runtime Environment Temurin-21.0.8+9 (21.0.8+9) (build 21.0.8+9-LTS)
# Java VM: OpenJDK 64-Bit Server VM Temurin-21.0.8+9 (21.0.8+9-LTS, mixed mode, sharing, tiered, compressed oops, compressed class ptrs, parallel gc, windows-amd64)
GC Precious Log:
 CardTable entry size: 512
 CPUs: 8 total, 8 available
 Memory: 8029M
 Large Page Support: Disabled
 NUMA Support: Disabled
 Compressed Oops: Enabled (32-bit)
 Alignments: Space 512K, Generation 512K, Heap 2M
 Heap Min Capacity: 100M
 Heap Initial Capacity: 100M
 Heap Max Capacity: 2G
 Pre-touch: Disabled
 Parallel Workers: 8
Heap:
 PSYoungGen      total 5632K, used 5376K [0x00000000d5580000, 0x00000000d5d00000, 0x0000000100000000)
  eden space 5120K, 100% used [0x00000000d5580000,0x00000000d5a80000,0x00000000d5a80000)
  from space 512K, 50% used [0x00000000d5c00000,0x00000000d5c40000,0x00000000d5c80000)
  to   space 512K, 0% used [0x00000000d5c80000,0x00000000d5c80000,0x00000000d5d00000)
 ParOldGen       total 1197056K, used 273988K [0x0000000080000000, 0x00000000c9100000, 0x00000000d5580000)
  object space 1197056K, 22% used [0x0000000080000000,0x0000000090b91388,0x00000000c9100000)
 Metaspace       used 76478K, committed 78208K, reserved 1179648K
  class space    used 7970K, committed 8768K, reserved 1048576K
GC Heap History (20 events):
Event: 197.803 GC heap after
{Heap after GC invocations=2080 (full 4):
 PSYoungGen      total 5632K, used 436K [0x00000000d5580000, 0x00000000d5d00000, 0x0000000100000000)
  eden space 5120K, 0% used [0x00000000d5580000,0x00000000d5580000,0x00000000d5a80000)
  from space 512K, 85% used [0x00000000d5c80000,0x00000000d5ced2f0,0x00000000d5d00000)
  to   space 1024K, 0% used [0x00000000d5b00000,0x00000000d5b00000,0x00000000d5c00000)
 ParOldGen       total 1197056K, used 268760K [0x0000000080000000, 0x00000000c9100000, 0x00000000d5580000)
  object space 1197056K, 22% used [0x0000000080000000,0x00000000906760f0,0x00000000c9100000)
 Metaspace       used 76475K, committed 78208K, reserved 1179648K
  class space    used 7970K, committed 8768K, reserved 1048576K
}
Event: 197.862 GC heap before
{Heap before GC invocations=2081 (full 4):
 PSYoungGen      total 5632K, used 5556K [0x00000000d5580000, 0x00000000d5d00000, 0x0000000100000000)
  eden space 5120K, 100% used [0x00000000d5580000,0x00000000d5a80000,0x00000000d5a80000)
  from space 512K, 85% used [0x00000000d5c80000,0x00000000d5ced2f0,0x00000000d5d00000)
  to   space 1024K, 0% used [0x00000000d5b00000,0x00000000d5b00000,0x00000000d5c00000)
 ParOldGen       total 1197056K, used 268760K [0x0000000080000000, 0x00000000c9100000, 0x00000000d5580000)
  object space 1197056K, 22% used [0x0000000080000000,0x00000000906760f0,0x00000000c9100000)
 Metaspace       used 76475K, committed 78208K, reserved 1179648K
  class space    used 7970K, committed 8768K, reserved 1048576K
}
Event: 197.865 GC heap after
{Heap after GC invocations=2081 (full 4):
 PSYoungGen      total 6144K, used 396K [0x00000000d5580000, 0x00000000d5d00000, 0x0000000100000000)
  eden space 5120K, 0% used [0x00000000d5580000,0x00000000d5580000,0x00000000d5a80000)
  from space 1024K, 38% used [0x00000000d5b00000,0x00000000d5b632e8,0x00000000d5c00000)
  to   space 512K, 0% used [0x00000000d5c80000,0x00000000d5c80000,0x00000000d5d00000)
 ParOldGen       total 1197056K, used 269106K [0x0000000080000000, 0x00000000c9100000, 0x00000000d5580000)
  object space 1197056K, 22% used [0x0000000080000000,0x00000000906cca30,0x00000000c9100000)
 Metaspace       used 76475K, committed 78208K, reserved 1179648K
  class space    used 7970K, committed 8768K, reserved 1048576K
}
Event: 197.924 GC heap before
{Heap before GC invocations=2082 (full 4):
 PSYoungGen      total 6144K, used 5516K [0x00000000d5580000, 0x00000000d5d00000, 0x0000000100000000)
  eden space 5120K, 100% used [0x00000000d5580000,0x00000000d5a80000,0x00000000d5a80000)
  from space 1024K, 38% used [0x00000000d5b00000,0x00000000d5b632e8,0x00000000d5c00000)
  to   space 512K, 0% used [0x00000000d5c80000,0x00000000d5c80000,0x00000000d5d00000)
 ParOldGen       total 1197056K, used 269106K [0x0000000080000000, 0x00000000c9100000, 0x00000000d5580000)
  object space 1197056K, 22% used [0x0000000080000000,0x00000000906cca30,0x00000000c9100000)
 Metaspace       used 76475K, committed 78208K, reserved 1179648K
  class space    used 7970K, committed 8768K, reserved 1048576K
}
Event: 197.926 GC heap after
{Heap after GC invocations=2082 (full 4):
 PSYoungGen      total 5632K, used 256K [0x00000000d5580000, 0x00000000d5d00000, 0x0000000100000000)
  eden space 5120K, 0% used [0x00000000d5580000,0x00000000d5580000,0x00000000d5a80000)
  from space 512K, 50% used [0x00000000d5c80000,0x00000000d5cc0000,0x00000000d5d00000)
  to   space 512K, 0% used [0x00000000d5c00000,0x00000000d5c00000,0x00000000d5c80000)
 ParOldGen       total 1197056K, used 269327K [0x0000000080000000, 0x00000000c9100000, 0x00000000d5580000)
  object space 1197056K, 22% used [0x0000000080000000,0x0000000090703d78,0x00000000c9100000)
 Metaspace       used 76475K, committed 78208K, reserved 1179648K
  class space    used 7970K, committed 8768K, reserved 1048576K
}
Event: 197.987 GC heap before
{Heap before GC invocations=2083 (full 4):
 PSYoungGen      total 5632K, used 5376K [0x00000000d5580000, 0x00000000d5d00000, 0x0000000100000000)
  eden space 5120K, 100% used [0x00000000d5580000,0x00000000d5a80000,0x00000000d5a80000)
  from space 512K, 50% used [0x00000000d5c80000,0x00000000d5cc0000,0x00000000d5d00000)
  to   space 512K, 0% used [0x00000000d5c00000,0x00000000d5c00000,0x00000000d5c80000)
 ParOldGen       total 1197056K, used 269327K [0x0000000080000000, 0x00000000c9100000, 0x00000000d5580000)
  object space 1197056K, 22% used [0x0000000080000000,0x0000000090703d78,0x00000000c9100000)
 Metaspace       used 76475K, committed 78208K, reserved 1179648K
  class space    used 7970K, committed 8768K, reserved 1048576K
}
Event: 197.988 GC heap after
{Heap after GC invocations=2083 (full 4):
 PSYoungGen      total 5632K, used 320K [0x00000000d5580000, 0x00000000d5d00000, 0x0000000100000000)
  eden space 5120K, 0% used [0x00000000d5580000,0x00000000d5580000,0x00000000d5a80000)
  from space 512K, 62% used [0x00000000d5c00000,0x00000000d5c50000,0x00000000d5c80000)
  to   space 512K, 0% used [0x00000000d5c80000,0x00000000d5c80000,0x00000000d5d00000)
 ParOldGen       total 1197056K, used 269463K [0x0000000080000000, 0x00000000c9100000, 0x00000000d5580000)
  object space 1197056K, 22% used [0x0000000080000000,0x0000000090725d78,0x00000000c9100000)
 Metaspace       used 76475K, committed 78208K, reserved 1179648K
  class space    used 7970K, committed 8768K, reserved 1048576K
}
Event: 198.032 GC heap before
{Heap before GC invocations=2084 (full 4):
 PSYoungGen      total 5632K, used 5440K [0x00000000d5580000, 0x00000000d5d00000, 0x0000000100000000)
  eden space 5120K, 100% used [0x00000000d5580000,0x00000000d5a80000,0x00000000d5a80000)
  from space 512K, 62% used [0x00000000d5c00000,0x00000000d5c50000,0x00000000d5c80000)
  to   space 512K, 0% used [0x00000000d5c80000,0x00000000d5c80000,0x00000000d5d00000)
 ParOldGen       total 1197056K, used 269463K [0x0000000080000000, 0x00000000c9100000, 0x00000000d5580000)
  object space 1197056K, 22% used [0x0000000080000000,0x0000000090725d78,0x00000000c9100000)
 Metaspace       used 76475K, committed 78208K, reserved 1179648K
  class space    used 7970K, committed 8768K, reserved 1048576K
}
Event: 198.035 GC heap after
{Heap after GC invocations=2084 (full 4):
 PSYoungGen      total 5632K, used 262K [0x00000000d5580000, 0x00000000d5d00000, 0x0000000100000000)
  eden space 5120K, 0% used [0x00000000d5580000,0x00000000d5580000,0x00000000d5a80000)
  from space 512K, 51% used [0x00000000d5c80000,0x00000000d5cc1920,0x00000000d5d00000)
  to   space 512K, 0% used [0x00000000d5c00000,0x00000000d5c00000,0x00000000d5c80000)
 ParOldGen       total 1197056K, used 269630K [0x0000000080000000, 0x00000000c9100000, 0x00000000d5580000)
  object space 1197056K, 22% used [0x0000000080000000,0x000000009074f9e8,0x00000000c9100000)
 Metaspace       used 76475K, committed 78208K, reserved 1179648K
  class space    used 7970K, committed 8768K, reserved 1048576K
}
Event: 198.078 GC heap before
{Heap before GC invocations=2085 (full 4):
 PSYoungGen      total 5632K, used 5382K [0x00000000d5580000, 0x00000000d5d00000, 0x0000000100000000)
  eden space 5120K, 100% used [0x00000000d5580000,0x00000000d5a80000,0x00000000d5a80000)
  from space 512K, 51% used [0x00000000d5c80000,0x00000000d5cc1920,0x00000000d5d00000)
  to   space 512K, 0% used [0x00000000d5c00000,0x00000000d5c00000,0x00000000d5c80000)
 ParOldGen       total 1197056K, used 269630K [0x0000000080000000, 0x00000000c9100000, 0x00000000d5580000)
  object space 1197056K, 22% used [0x0000000080000000,0x000000009074f9e8,0x00000000c9100000)
 Metaspace       used 76475K, committed 78208K, reserved 1179648K
  class space    used 7970K, committed 8768K, reserved 1048576K
}
Event: 198.080 GC heap after
{Heap after GC invocations=2085 (full 4):
 PSYoungGen      total 5632K, used 288K [0x00000000d5580000, 0x00000000d5d00000, 0x0000000100000000)
  eden space 5120K, 0% used [0x00000000d5580000,0x00000000d5580000,0x00000000d5a80000)
  from space 512K, 56% used [0x00000000d5c00000,0x00000000d5c48000,0x00000000d5c80000)
  to   space 512K, 0% used [0x00000000d5c80000,0x00000000d5c80000,0x00000000d5d00000)
 ParOldGen       total 1197056K, used 269783K [0x0000000080000000, 0x00000000c9100000, 0x00000000d5580000)
  object space 1197056K, 22% used [0x0000000080000000,0x0000000090775fe8,0x00000000c9100000)
 Metaspace       used 76475K, committed 78208K, reserved 1179648K
  class space    used 7970K, committed 8768K, reserved 1048576K
}
Event: 198.109 GC heap before
{Heap before GC invocations=2086 (full 4):
 PSYoungGen      total 5632K, used 5408K [0x00000000d5580000, 0x00000000d5d00000, 0x0000000100000000)
  eden space 5120K, 100% used [0x00000000d5580000,0x00000000d5a80000,0x00000000d5a80000)
  from space 512K, 56% used [0x00000000d5c00000,0x00000000d5c48000,0x00000000d5c80000)
  to   space 512K, 0% used [0x00000000d5c80000,0x00000000d5c80000,0x00000000d5d00000)
 ParOldGen       total 1197056K, used 269783K [0x0000000080000000, 0x00000000c9100000, 0x00000000d5580000)
  object space 1197056K, 22% used [0x0000000080000000,0x0000000090775fe8,0x00000000c9100000)
 Metaspace       used 76475K, committed 78208K, reserved 1179648K
  class space    used 7970K, committed 8768K, reserved 1048576K
}
Event: 198.112 GC heap after
{Heap after GC invocations=2086 (full 4):
 PSYoungGen      total 5632K, used 400K [0x00000000d5580000, 0x00000000d5d00000, 0x0000000100000000)
  eden space 5120K, 0% used [0x00000000d5580000,0x00000000d5580000,0x00000000d5a80000)
  from space 512K, 78% used [0x00000000d5c80000,0x00000000d5ce4028,0x00000000d5d00000)
  to   space 512K, 0% used [0x00000000d5c00000,0x00000000d5c00000,0x00000000d5c80000)
 ParOldGen       total 1197056K, used 269898K [0x0000000080000000, 0x00000000c9100000, 0x00000000d5580000)
  object space 1197056K, 22% used [0x0000000080000000,0x0000000090792a28,0x00000000c9100000)
 Metaspace       used 76475K, committed 78208K, reserved 1179648K
  class space    used 7970K, committed 8768K, reserved 1048576K
}
Event: 198.124 GC heap before
{Heap before GC invocations=2087 (full 4):
 PSYoungGen      total 5632K, used 5520K [0x00000000d5580000, 0x00000000d5d00000, 0x0000000100000000)
  eden space 5120K, 100% used [0x00000000d5580000,0x00000000d5a80000,0x00000000d5a80000)
  from space 512K, 78% used [0x00000000d5c80000,0x00000000d5ce4028,0x00000000d5d00000)
  to   space 512K, 0% used [0x00000000d5c00000,0x00000000d5c00000,0x00000000d5c80000)
 ParOldGen       total 1197056K, used 269898K [0x0000000080000000, 0x00000000c9100000, 0x00000000d5580000)
  object space 1197056K, 22% used [0x0000000080000000,0x0000000090792a28,0x00000000c9100000)
 Metaspace       used 76475K, committed 78208K, reserved 1179648K
  class space    used 7970K, committed 8768K, reserved 1048576K
}
Event: 198.126 GC heap after
{Heap after GC invocations=2087 (full 4):
 PSYoungGen      total 5632K, used 256K [0x00000000d5580000, 0x00000000d5d00000, 0x0000000100000000)
  eden space 5120K, 0% used [0x00000000d5580000,0x00000000d5580000,0x00000000d5a80000)
  from space 512K, 50% used [0x00000000d5c00000,0x00000000d5c40000,0x00000000d5c80000)
  to   space 512K, 0% used [0x00000000d5c80000,0x00000000d5c80000,0x00000000d5d00000)
 ParOldGen       total 1197056K, used 270126K [0x0000000080000000, 0x00000000c9100000, 0x00000000d5580000)
  object space 1197056K, 22% used [0x0000000080000000,0x00000000907cb8c8,0x00000000c9100000)
 Metaspace       used 76475K, committed 78208K, reserved 1179648K
  class space    used 7970K, committed 8768K, reserved 1048576K
}
Event: 198.158 GC heap before
{Heap before GC invocations=2088 (full 4):
 PSYoungGen      total 5632K, used 5376K [0x00000000d5580000, 0x00000000d5d00000, 0x0000000100000000)
  eden space 5120K, 100% used [0x00000000d5580000,0x00000000d5a80000,0x00000000d5a80000)
  from space 512K, 50% used [0x00000000d5c00000,0x00000000d5c40000,0x00000000d5c80000)
  to   space 512K, 0% used [0x00000000d5c80000,0x00000000d5c80000,0x00000000d5d00000)
 ParOldGen       total 1197056K, used 270126K [0x0000000080000000, 0x00000000c9100000, 0x00000000d5580000)
  object space 1197056K, 22% used [0x0000000080000000,0x00000000907cb8c8,0x00000000c9100000)
 Metaspace       used 76475K, committed 78208K, reserved 1179648K
  class space    used 7970K, committed 8768K, reserved 1048576K
}
Event: 198.161 GC heap after
{Heap after GC invocations=2088 (full 4):
 PSYoungGen      total 5632K, used 320K [0x00000000d5580000, 0x00000000d5d00000, 0x0000000100000000)
  eden space 5120K, 0% used [0x00000000d5580000,0x00000000d5580000,0x00000000d5a80000)
  from space 512K, 62% used [0x00000000d5c80000,0x00000000d5cd0000,0x00000000d5d00000)
  to   space 512K, 0% used [0x00000000d5c00000,0x00000000d5c00000,0x00000000d5c80000)
 ParOldGen       total 1197056K, used 270262K [0x0000000080000000, 0x00000000c9100000, 0x00000000d5580000)
  object space 1197056K, 22% used [0x0000000080000000,0x00000000907ed8c8,0x00000000c9100000)
 Metaspace       used 76475K, committed 78208K, reserved 1179648K
  class space    used 7970K, committed 8768K, reserved 1048576K
}
Event: 198.179 GC heap before
{Heap before GC invocations=2089 (full 4):
 PSYoungGen      total 5632K, used 5440K [0x00000000d5580000, 0x00000000d5d00000, 0x0000000100000000)
  eden space 5120K, 100% used [0x00000000d5580000,0x00000000d5a80000,0x00000000d5a80000)
  from space 512K, 62% used [0x00000000d5c80000,0x00000000d5cd0000,0x00000000d5d00000)
  to   space 512K, 0% used [0x00000000d5c00000,0x00000000d5c00000,0x00000000d5c80000)
 ParOldGen       total 1197056K, used 270262K [0x0000000080000000, 0x00000000c9100000, 0x00000000d5580000)
  object space 1197056K, 22% used [0x0000000080000000,0x00000000907ed8c8,0x00000000c9100000)
 Metaspace       used 76475K, committed 78208K, reserved 1179648K
  class space    used 7970K, committed 8768K, reserved 1048576K
}
Event: 198.181 GC heap after
{Heap after GC invocations=2089 (full 4):
 PSYoungGen      total 5632K, used 320K [0x00000000d5580000, 0x00000000d5d00000, 0x0000000100000000)
  eden space 5120K, 0% used [0x00000000d5580000,0x00000000d5580000,0x00000000d5a80000)
  from space 512K, 62% used [0x00000000d5c00000,0x00000000d5c50000,0x00000000d5c80000)
  to   space 512K, 0% used [0x00000000d5c80000,0x00000000d5c80000,0x00000000d5d00000)
 ParOldGen       total 1197056K, used 270486K [0x0000000080000000, 0x00000000c9100000, 0x00000000d5580000)
  object space 1197056K, 22% used [0x0000000080000000,0x00000000908258c8,0x00000000c9100000)
 Metaspace       used 76475K, committed 78208K, reserved 1179648K
  class space    used 7970K, committed 8768K, reserved 1048576K
}
Event: 199.178 GC heap before
{Heap before GC invocations=2090 (full 4):
 PSYoungGen      total 5632K, used 5440K [0x00000000d5580000, 0x00000000d5d00000, 0x0000000100000000)
  eden space 5120K, 100% used [0x00000000d5580000,0x00000000d5a80000,0x00000000d5a80000)
  from space 512K, 62% used [0x00000000d5c00000,0x00000000d5c50000,0x00000000d5c80000)
  to   space 512K, 0% used [0x00000000d5c80000,0x00000000d5c80000,0x00000000d5d00000)
 ParOldGen       total 1197056K, used 273570K [0x0000000080000000, 0x00000000c9100000, 0x00000000d5580000)
  object space 1197056K, 22% used [0x0000000080000000,0x0000000090b28890,0x00000000c9100000)
 Metaspace       used 76476K, committed 78208K, reserved 1179648K
  class space    used 7970K, committed 8768K, reserved 1048576K
}

