# JRE version: OpenJDK Runtime Environment Temurin-21.0.8+9 (21.0.8+9) (build 21.0.8+9-LTS)
# Java VM: OpenJDK 64-Bit Server VM Temurin-21.0.8+9 (21.0.8+9-LTS, mixed mode, sharing, tiered, compressed oops, compressed class ptrs, parallel gc, windows-amd64)
GC Precious Log:
 CardTable entry size: 512
 CPUs: 8 total, 8 available
 Memory: 8029M
 Large Page Support: Disabled
 NUMA Support: Disabled
 Compressed Oops: Enabled (32-bit)
 Alignments: Space 512K, Generation 512K, Heap 2M
 Heap Min Capacity: 100M
 Heap Initial Capacity: 100M
 Heap Max Capacity: 2G
 Pre-touch: Disabled
 Parallel Workers: 8
Heap:
 PSYoungGen      total 7168K, used 3598K [0x00000000d5580000, 0x00000000d6100000, 0x0000000100000000)
  eden space 4608K, 25% used [0x00000000d5580000,0x00000000d56a8dc0,0x00000000d5a00000)
  from space 2560K, 94% used [0x00000000d5b00000,0x00000000d5d5ad18,0x00000000d5d80000)
  to   space 3584K, 0% used [0x00000000d5d80000,0x00000000d5d80000,0x00000000d6100000)
 ParOldGen       total 852992K, used 852683K [0x0000000080000000, 0x00000000b4100000, 0x00000000d5580000)
  object space 852992K, 99% used [0x0000000080000000,0x00000000b40b2cc0,0x00000000b4100000)
 Metaspace       used 73853K, committed 75520K, reserved 1179648K
  class space    used 8082K, committed 8768K, reserved 1048576K
GC Heap History (20 events):
Event: 92.480 GC heap before
{Heap before GC invocations=1541 (full 3):
 PSYoungGen      total 6144K, used 6066K [0x00000000d5580000, 0x00000000d5f80000, 0x0000000100000000)
  eden space 4608K, 100% used [0x00000000d5580000,0x00000000d5a00000,0x00000000d5a00000)
  from space 1536K, 94% used [0x00000000d5c80000,0x00000000d5dec808,0x00000000d5e00000)
  to   space 1536K, 0% used [0x00000000d5e00000,0x00000000d5e00000,0x00000000d5f80000)
 ParOldGen       total 833536K, used 833174K [0x0000000080000000, 0x00000000b2e00000, 0x00000000d5580000)
  object space 833536K, 99% used [0x0000000080000000,0x00000000b2da5820,0x00000000b2e00000)
 Metaspace       used 73724K, committed 75328K, reserved 1179648K
  class space    used 8076K, committed 8768K, reserved 1048576K
}
Event: 92.484 GC heap after
{Heap after GC invocations=1541 (full 3):
 PSYoungGen      total 6144K, used 1522K [0x00000000d5580000, 0x00000000d6000000, 0x0000000100000000)
  eden space 4608K, 0% used [0x00000000d5580000,0x00000000d5580000,0x00000000d5a00000)
  from space 1536K, 99% used [0x00000000d5e00000,0x00000000d5f7c808,0x00000000d5f80000)
  to   space 3072K, 0% used [0x00000000d5a00000,0x00000000d5a00000,0x00000000d5d00000)
 ParOldGen       total 834560K, used 834465K [0x0000000080000000, 0x00000000b2f00000, 0x00000000d5580000)
  object space 834560K, 99% used [0x0000000080000000,0x00000000b2ee8438,0x00000000b2f00000)
 Metaspace       used 73724K, committed 75328K, reserved 1179648K
  class space    used 8076K, committed 8768K, reserved 1048576K
}
Event: 92.576 GC heap before
{Heap before GC invocations=1542 (full 3):
 PSYoungGen      total 6144K, used 6130K [0x00000000d5580000, 0x00000000d6000000, 0x0000000100000000)
  eden space 4608K, 100% used [0x00000000d5580000,0x00000000d5a00000,0x00000000d5a00000)
  from space 1536K, 99% used [0x00000000d5e00000,0x00000000d5f7c808,0x00000000d5f80000)
  to   space 3072K, 0% used [0x00000000d5a00000,0x00000000d5a00000,0x00000000d5d00000)
 ParOldGen       total 834560K, used 834465K [0x0000000080000000, 0x00000000b2f00000, 0x00000000d5580000)
  object space 834560K, 99% used [0x0000000080000000,0x00000000b2ee8438,0x00000000b2f00000)
 Metaspace       used 73724K, committed 75328K, reserved 1179648K
  class space    used 8076K, committed 8768K, reserved 1048576K
}
Event: 92.581 GC heap after
{Heap after GC invocations=1542 (full 3):
 PSYoungGen      total 6144K, used 1408K [0x00000000d5580000, 0x00000000d5e80000, 0x0000000100000000)
  eden space 4608K, 0% used [0x00000000d5580000,0x00000000d5580000,0x00000000d5a00000)
  from space 1536K, 91% used [0x00000000d5a00000,0x00000000d5b60000,0x00000000d5b80000)
  to   space 2048K, 0% used [0x00000000d5c80000,0x00000000d5c80000,0x00000000d5e80000)
 ParOldGen       total 836096K, used 835900K [0x0000000080000000, 0x00000000b3080000, 0x00000000d5580000)
  object space 836096K, 99% used [0x0000000080000000,0x00000000b304f1b8,0x00000000b3080000)
 Metaspace       used 73724K, committed 75328K, reserved 1179648K
  class space    used 8076K, committed 8768K, reserved 1048576K
}
Event: 92.664 GC heap before
{Heap before GC invocations=1543 (full 3):
 PSYoungGen      total 6144K, used 6016K [0x00000000d5580000, 0x00000000d5e80000, 0x0000000100000000)
  eden space 4608K, 100% used [0x00000000d5580000,0x00000000d5a00000,0x00000000d5a00000)
  from space 1536K, 91% used [0x00000000d5a00000,0x00000000d5b60000,0x00000000d5b80000)
  to   space 2048K, 0% used [0x00000000d5c80000,0x00000000d5c80000,0x00000000d5e80000)
 ParOldGen       total 836096K, used 835900K [0x0000000080000000, 0x00000000b3080000, 0x00000000d5580000)
  object space 836096K, 99% used [0x0000000080000000,0x00000000b304f1b8,0x00000000b3080000)
 Metaspace       used 73724K, committed 75328K, reserved 1179648K
  class space    used 8076K, committed 8768K, reserved 1048576K
}
Event: 92.667 GC heap after
{Heap after GC invocations=1543 (full 3):
 PSYoungGen      total 6656K, used 1952K [0x00000000d5580000, 0x00000000d5f00000, 0x0000000100000000)
  eden space 4608K, 0% used [0x00000000d5580000,0x00000000d5580000,0x00000000d5a00000)
  from space 2048K, 95% used [0x00000000d5c80000,0x00000000d5e68000,0x00000000d5e80000)
  to   space 2560K, 0% used [0x00000000d5a00000,0x00000000d5a00000,0x00000000d5c80000)
 ParOldGen       total 837632K, used 837168K [0x0000000080000000, 0x00000000b3200000, 0x00000000d5580000)
  object space 837632K, 99% used [0x0000000080000000,0x00000000b318c128,0x00000000b3200000)
 Metaspace       used 73724K, committed 75328K, reserved 1179648K
  class space    used 8076K, committed 8768K, reserved 1048576K
}
Event: 92.799 GC heap before
{Heap before GC invocations=1544 (full 3):
 PSYoungGen      total 6656K, used 6438K [0x00000000d5580000, 0x00000000d5f00000, 0x0000000100000000)
  eden space 4608K, 97% used [0x00000000d5580000,0x00000000d59e1a68,0x00000000d5a00000)
  from space 2048K, 95% used [0x00000000d5c80000,0x00000000d5e68000,0x00000000d5e80000)
  to   space 2560K, 0% used [0x00000000d5a00000,0x00000000d5a00000,0x00000000d5c80000)
 ParOldGen       total 837632K, used 837168K [0x0000000080000000, 0x00000000b3200000, 0x00000000d5580000)
  object space 837632K, 99% used [0x0000000080000000,0x00000000b318c128,0x00000000b3200000)
 Metaspace       used 73724K, committed 75328K, reserved 1179648K
  class space    used 8076K, committed 8768K, reserved 1048576K
}
Event: 92.803 GC heap after
{Heap after GC invocations=1544 (full 3):
 PSYoungGen      total 6656K, used 1757K [0x00000000d5580000, 0x00000000d5e00000, 0x0000000100000000)
  eden space 4608K, 0% used [0x00000000d5580000,0x00000000d5580000,0x00000000d5a00000)
  from space 2048K, 85% used [0x00000000d5a00000,0x00000000d5bb74b8,0x00000000d5c00000)
  to   space 2048K, 0% used [0x00000000d5c00000,0x00000000d5c00000,0x00000000d5e00000)
 ParOldGen       total 838656K, used 838525K [0x0000000080000000, 0x00000000b3300000, 0x00000000d5580000)
  object space 838656K, 99% used [0x0000000080000000,0x00000000b32df7a0,0x00000000b3300000)
 Metaspace       used 73724K, committed 75328K, reserved 1179648K
  class space    used 8076K, committed 8768K, reserved 1048576K
}
Event: 93.151 GC heap before
{Heap before GC invocations=1545 (full 3):
 PSYoungGen      total 6656K, used 6365K [0x00000000d5580000, 0x00000000d5e00000, 0x0000000100000000)
  eden space 4608K, 100% used [0x00000000d5580000,0x00000000d5a00000,0x00000000d5a00000)
  from space 2048K, 85% used [0x00000000d5a00000,0x00000000d5bb74b8,0x00000000d5c00000)
  to   space 2048K, 0% used [0x00000000d5c00000,0x00000000d5c00000,0x00000000d5e00000)
 ParOldGen       total 838656K, used 838525K [0x0000000080000000, 0x00000000b3300000, 0x00000000d5580000)
  object space 838656K, 99% used [0x0000000080000000,0x00000000b32df7a0,0x00000000b3300000)
 Metaspace       used 73724K, committed 75328K, reserved 1179648K
  class space    used 8076K, committed 8768K, reserved 1048576K
}
Event: 93.185 GC heap after
{Heap after GC invocations=1545 (full 3):
 PSYoungGen      total 6656K, used 1988K [0x00000000d5580000, 0x00000000d5e00000, 0x0000000100000000)
  eden space 4608K, 0% used [0x00000000d5580000,0x00000000d5580000,0x00000000d5a00000)
  from space 2048K, 97% used [0x00000000d5c00000,0x00000000d5df1010,0x00000000d5e00000)
  to   space 2048K, 0% used [0x00000000d5a00000,0x00000000d5a00000,0x00000000d5c00000)
 ParOldGen       total 840192K, used 839916K [0x0000000080000000, 0x00000000b3480000, 0x00000000d5580000)
  object space 840192K, 99% used [0x0000000080000000,0x00000000b343b130,0x00000000b3480000)
 Metaspace       used 73724K, committed 75328K, reserved 1179648K
  class space    used 8076K, committed 8768K, reserved 1048576K
}
Event: 93.228 GC heap before
{Heap before GC invocations=1546 (full 3):
 PSYoungGen      total 6656K, used 6596K [0x00000000d5580000, 0x00000000d5e00000, 0x0000000100000000)
  eden space 4608K, 100% used [0x00000000d5580000,0x00000000d5a00000,0x00000000d5a00000)
  from space 2048K, 97% used [0x00000000d5c00000,0x00000000d5df1010,0x00000000d5e00000)
  to   space 2048K, 0% used [0x00000000d5a00000,0x00000000d5a00000,0x00000000d5c00000)
 ParOldGen       total 840192K, used 839916K [0x0000000080000000, 0x00000000b3480000, 0x00000000d5580000)
  object space 840192K, 99% used [0x0000000080000000,0x00000000b343b130,0x00000000b3480000)
 Metaspace       used 73724K, committed 75328K, reserved 1179648K
  class space    used 8076K, committed 8768K, reserved 1048576K
}
Event: 93.233 GC heap after
{Heap after GC invocations=1546 (full 3):
 PSYoungGen      total 6656K, used 1732K [0x00000000d5580000, 0x00000000d5e00000, 0x0000000100000000)
  eden space 4608K, 0% used [0x00000000d5580000,0x00000000d5580000,0x00000000d5a00000)
  from space 2048K, 84% used [0x00000000d5a00000,0x00000000d5bb1008,0x00000000d5c00000)
  to   space 2048K, 0% used [0x00000000d5c00000,0x00000000d5c00000,0x00000000d5e00000)
 ParOldGen       total 842240K, used 841782K [0x0000000080000000, 0x00000000b3680000, 0x00000000d5580000)
  object space 842240K, 99% used [0x0000000080000000,0x00000000b360da20,0x00000000b3680000)
 Metaspace       used 73724K, committed 75328K, reserved 1179648K
  class space    used 8076K, committed 8768K, reserved 1048576K
}
Event: 93.324 GC heap before
{Heap before GC invocations=1547 (full 3):
 PSYoungGen      total 6656K, used 6340K [0x00000000d5580000, 0x00000000d5e00000, 0x0000000100000000)
  eden space 4608K, 100% used [0x00000000d5580000,0x00000000d5a00000,0x00000000d5a00000)
  from space 2048K, 84% used [0x00000000d5a00000,0x00000000d5bb1008,0x00000000d5c00000)
  to   space 2048K, 0% used [0x00000000d5c00000,0x00000000d5c00000,0x00000000d5e00000)
 ParOldGen       total 842240K, used 841782K [0x0000000080000000, 0x00000000b3680000, 0x00000000d5580000)
  object space 842240K, 99% used [0x0000000080000000,0x00000000b360da20,0x00000000b3680000)
 Metaspace       used 73724K, committed 75328K, reserved 1179648K
  class space    used 8076K, committed 8768K, reserved 1048576K
}
Event: 93.346 GC heap after
{Heap after GC invocations=1547 (full 3):
 PSYoungGen      total 6144K, used 1394K [0x00000000d5580000, 0x00000000d5d80000, 0x0000000100000000)
  eden space 4608K, 0% used [0x00000000d5580000,0x00000000d5580000,0x00000000d5a00000)
  from space 1536K, 90% used [0x00000000d5c00000,0x00000000d5d5c808,0x00000000d5d80000)
  to   space 1536K, 0% used [0x00000000d5a80000,0x00000000d5a80000,0x00000000d5c00000)
 ParOldGen       total 843776K, used 843434K [0x0000000080000000, 0x00000000b3800000, 0x00000000d5580000)
  object space 843776K, 99% used [0x0000000080000000,0x00000000b37aaa10,0x00000000b3800000)
 Metaspace       used 73724K, committed 75328K, reserved 1179648K
  class space    used 8076K, committed 8768K, reserved 1048576K
}
Event: 93.524 GC heap before
{Heap before GC invocations=1548 (full 3):
 PSYoungGen      total 6144K, used 6002K [0x00000000d5580000, 0x00000000d5d80000, 0x0000000100000000)
  eden space 4608K, 100% used [0x00000000d5580000,0x00000000d5a00000,0x00000000d5a00000)
  from space 1536K, 90% used [0x00000000d5c00000,0x00000000d5d5c808,0x00000000d5d80000)
  to   space 1536K, 0% used [0x00000000d5a80000,0x00000000d5a80000,0x00000000d5c00000)
 ParOldGen       total 843776K, used 843434K [0x0000000080000000, 0x00000000b3800000, 0x00000000d5580000)
  object space 843776K, 99% used [0x0000000080000000,0x00000000b37aaa10,0x00000000b3800000)
 Metaspace       used 73725K, committed 75328K, reserved 1179648K
  class space    used 8076K, committed 8768K, reserved 1048576K
}
Event: 93.531 GC heap after
{Heap after GC invocations=1548 (full 3):
 PSYoungGen      total 6144K, used 1508K [0x00000000d5580000, 0x00000000d6500000, 0x0000000100000000)
  eden space 4608K, 0% used [0x00000000d5580000,0x00000000d5580000,0x00000000d5a00000)
  from space 1536K, 98% used [0x00000000d5a80000,0x00000000d5bf9338,0x00000000d5c00000)
  to   space 5632K, 0% used [0x00000000d5f80000,0x00000000d5f80000,0x00000000d6500000)
 ParOldGen       total 847360K, used 846849K [0x0000000080000000, 0x00000000b3b80000, 0x00000000d5580000)
  object space 847360K, 99% used [0x0000000080000000,0x00000000b3b00670,0x00000000b3b80000)
 Metaspace       used 73725K, committed 75328K, reserved 1179648K
  class space    used 8076K, committed 8768K, reserved 1048576K
}
Event: 93.583 GC heap before
{Heap before GC invocations=1549 (full 3):
 PSYoungGen      total 6144K, used 6116K [0x00000000d5580000, 0x00000000d6500000, 0x0000000100000000)
  eden space 4608K, 100% used [0x00000000d5580000,0x00000000d5a00000,0x00000000d5a00000)
  from space 1536K, 98% used [0x00000000d5a80000,0x00000000d5bf9338,0x00000000d5c00000)
  to   space 5632K, 0% used [0x00000000d5f80000,0x00000000d5f80000,0x00000000d6500000)
 ParOldGen       total 847360K, used 846849K [0x0000000080000000, 0x00000000b3b80000, 0x00000000d5580000)
  object space 847360K, 99% used [0x0000000080000000,0x00000000b3b00670,0x00000000b3b80000)
 Metaspace       used 73726K, committed 75328K, reserved 1179648K
  class space    used 8076K, committed 8768K, reserved 1048576K
}
Event: 93.589 GC heap after
{Heap after GC invocations=1549 (full 3):
 PSYoungGen      total 9216K, used 4434K [0x00000000d5580000, 0x00000000d6400000, 0x0000000100000000)
  eden space 4608K, 0% used [0x00000000d5580000,0x00000000d5580000,0x00000000d5a00000)
  from space 4608K, 96% used [0x00000000d5f80000,0x00000000d63d48b8,0x00000000d6400000)
  to   space 4608K, 0% used [0x00000000d5b00000,0x00000000d5b00000,0x00000000d5f80000)
 ParOldGen       total 848384K, used 848374K [0x0000000080000000, 0x00000000b3c80000, 0x00000000d5580000)
  object space 848384K, 99% used [0x0000000080000000,0x00000000b3c7d9a8,0x00000000b3c80000)
 Metaspace       used 73726K, committed 75328K, reserved 1179648K
  class space    used 8076K, committed 8768K, reserved 1048576K
}
Event: 337.776 GC heap before
{Heap before GC invocations=1550 (full 3):
 PSYoungGen      total 9216K, used 9042K [0x00000000d5580000, 0x00000000d6400000, 0x0000000100000000)
  eden space 4608K, 99% used [0x00000000d5580000,0x00000000d59fffd0,0x00000000d5a00000)
  from space 4608K, 96% used [0x00000000d5f80000,0x00000000d63d48b8,0x00000000d6400000)
  to   space 4608K, 0% used [0x00000000d5b00000,0x00000000d5b00000,0x00000000d5f80000)
 ParOldGen       total 848384K, used 848374K [0x0000000080000000, 0x00000000b3c80000, 0x00000000d5580000)
  object space 848384K, 99% used [0x0000000080000000,0x00000000b3c7d9a8,0x00000000b3c80000)
 Metaspace       used 73805K, committed 75456K, reserved 1179648K
  class space    used 8081K, committed 8768K, reserved 1048576K
}
Event: 339.358 GC heap after
{Heap after GC invocations=1550 (full 3):
 PSYoungGen      total 7168K, used 2411K [0x00000000d5580000, 0x00000000d6100000, 0x0000000100000000)
  eden space 4608K, 0% used [0x00000000d5580000,0x00000000d5580000,0x00000000d5a00000)
  from space 2560K, 94% used [0x00000000d5b00000,0x00000000d5d5ad18,0x00000000d5d80000)
  to   space 3584K, 0% used [0x00000000d5d80000,0x00000000d5d80000,0x00000000d6100000)
 ParOldGen       total 852992K, used 852683K [0x0000000080000000, 0x00000000b4100000, 0x00000000d5580000)
  object space 852992K, 99% used [0x0000000080000000,0x00000000b40b2cc0,0x00000000b4100000)
 Metaspace       used 73805K, committed 75456K, reserved 1179648K
  class space    used 8081K, committed 8768K, reserved 1048576K
}

